<?xml version="1.0" encoding="UTF-8"?>
<testsuite xmlns:xsi="http://www.w3.org/2001/XMLSchema-instance" xsi:noNamespaceSchemaLocation="https://maven.apache.org/surefire/maven-surefire-plugin/xsd/surefire-test-report.xsd" version="3.0.2" name="ut.CalculatorTest" time="0.051" tests="5" errors="0" skipped="0" failures="0">
  <properties>
    <property name="java.specification.version" value="22"/>
    <property name="sun.cpu.isalist" value="amd64"/>
    <property name="sun.jnu.encoding" value="Cp1252"/>
    <property name="java.class.path" value="C:\Users\U424255\Downloads\ci-calculator-master\calculator-master\target\test-classes;C:\Users\U424255\Downloads\ci-calculator-master\calculator-master\target\classes;C:\Users\U424255\.m2\repository\junit\junit\4.11\junit-4.11.jar;C:\Users\U424255\.m2\repository\org\hamcrest\hamcrest-core\1.3\hamcrest-core-1.3.jar;C:\Users\U424255\.m2\repository\javax\servlet\javax.servlet-api\4.0.1\javax.servlet-api-4.0.1.jar;"/>
    <property name="java.vm.vendor" value="Eclipse Adoptium"/>
    <property name="sun.arch.data.model" value="64"/>
    <property name="user.variant" value=""/>
    <property name="java.vendor.url" value="https://adoptium.net/"/>
    <property name="user.timezone" value="Asia/Calcutta"/>
    <property name="os.name" value="Windows 10"/>
    <property name="java.vm.specification.version" value="22"/>
    <property name="sun.java.launcher" value="SUN_STANDARD"/>
    <property name="user.country" value="US"/>
    <property name="sun.boot.library.path" value="C:\Users\U424255\.p2\pool\plugins\org.eclipse.justj.openjdk.hotspot.jre.full.win32.x86_64_22.0.1.v20240426-1149\jre\bin"/>
    <property name="sun.java.command" value="C:\Users\U424255\AppData\Local\Temp\surefire16823780180290044491\surefirebooter-20240917131149929_3.jar C:\Users\U424255\AppData\Local\Temp\surefire16823780180290044491 2024-09-17T13-11-49_847-jvmRun1 surefire-20240917131149929_1tmp surefire_0-20240917131149929_2tmp"/>
    <property name="jdk.debug" value="release"/>
    <property name="surefire.test.class.path" value="C:\Users\U424255\Downloads\ci-calculator-master\calculator-master\target\test-classes;C:\Users\U424255\Downloads\ci-calculator-master\calculator-master\target\classes;C:\Users\U424255\.m2\repository\junit\junit\4.11\junit-4.11.jar;C:\Users\U424255\.m2\repository\org\hamcrest\hamcrest-core\1.3\hamcrest-core-1.3.jar;C:\Users\U424255\.m2\repository\javax\servlet\javax.servlet-api\4.0.1\javax.servlet-api-4.0.1.jar;"/>
    <property name="sun.cpu.endian" value="little"/>
    <property name="user.home" value="C:\Users\U424255"/>
    <property name="user.language" value="en"/>
    <property name="java.specification.vendor" value="Oracle Corporation"/>
    <property name="java.version.date" value="2024-04-16"/>
    <property name="java.home" value="C:\Users\U424255\.p2\pool\plugins\org.eclipse.justj.openjdk.hotspot.jre.full.win32.x86_64_22.0.1.v20240426-1149\jre"/>
    <property name="file.separator" value="\"/>
    <property name="basedir" value="C:\Users\U424255\Downloads\ci-calculator-master\calculator-master"/>
    <property name="style.color" value="always"/>
    <property name="java.vm.compressedOopsMode" value="Zero based"/>
    <property name="line.separator" value="&#10;"/>
    <property name="java.vm.specification.vendor" value="Oracle Corporation"/>
    <property name="java.specification.name" value="Java Platform API Specification"/>
    <property name="surefire.real.class.path" value="C:\Users\U424255\AppData\Local\Temp\surefire16823780180290044491\surefirebooter-20240917131149929_3.jar"/>
    <property name="user.script" value=""/>
    <property name="sun.management.compiler" value="HotSpot 64-Bit Tiered Compilers"/>
    <property name="java.runtime.version" value="22.0.1+8"/>
    <property name="user.name" value="u424255"/>
    <property name="stdout.encoding" value="Cp1252"/>
    <property name="path.separator" value=";"/>
    <property name="os.version" value="10.0"/>
    <property name="java.runtime.name" value="OpenJDK Runtime Environment"/>
    <property name="file.encoding" value="UTF-8"/>
    <property name="java.vm.name" value="OpenJDK 64-Bit Server VM"/>
    <property name="java.vendor.version" value="Temurin-22.0.1+8"/>
    <property name="localRepository" value="C:\Users\U424255\.m2\repository"/>
    <property name="java.vendor.url.bug" value="https://github.com/adoptium/adoptium-support/issues"/>
    <property name="java.io.tmpdir" value="C:\Users\U424255\AppData\Local\Temp\"/>
    <property name="java.version" value="22.0.1"/>
    <property name="user.dir" value="C:\Users\U424255\Downloads\ci-calculator-master\calculator-master"/>
    <property name="os.arch" value="amd64"/>
    <property name="java.vm.specification.name" value="Java Virtual Machine Specification"/>
    <property name="sun.os.patch.level" value=""/>
    <property name="native.encoding" value="Cp1252"/>
    <property name="java.library.path" value="C:\Users\U424255\.p2\pool\plugins\org.eclipse.justj.openjdk.hotspot.jre.full.win32.x86_64_22.0.1.v20240426-1149\jre\bin;C:\WINDOWS\Sun\Java\bin;C:\WINDOWS\system32;C:\WINDOWS;C:/Users/U424255/.p2/pool/plugins/org.eclipse.justj.openjdk.hotspot.jre.full.win32.x86_64_22.0.1.v20240426-1149/jre/bin/server;C:/Users/U424255/.p2/pool/plugins/org.eclipse.justj.openjdk.hotspot.jre.full.win32.x86_64_22.0.1.v20240426-1149/jre/bin;C:\Program Files\OpenLogic\jdk-17.0.11.9-hotspot\bin;C:\Program Files\OpenLogic\jdk-21.0.3.9-hotspot\bin;&quot;C:\Program Files\Common Files\Oracle\Java\javapath;C:\Users\U424255\Downloads\openlogic-openjdk-21.0.3+9-windows-x64.zip\openlogic-openjdk-21.0.3+9-windows-x64\bin&quot;;C:\Oracle\client\product\12.1.0\client_1\bin;C:\Program Files (x86)\Common Files\Oracle\Java\javapath;C:\WINDOWS\system32;C:\WINDOWS;C:\WINDOWS\System32\Wbem;C:\WINDOWS\System32\WindowsPowerShell\v1.0\;C:\WINDOWS\System32\OpenSSH\;C:\Program Files\1E\Client\Extensibility\NomadBranch;C:\Program Files\nodejs\;C:\Program Files\Microsoft SQL Server\150\Tools\Binn\;C:\Program Files\Microsoft SQL Server\Client SDK\ODBC\170\Tools\Binn\;C:\Program Files\dotnet\;C:\Program Files\PuTTY\;C:\Program Files\Microsoft VS Code\bin;C:\Users\U424255\OneDrive - United Airlines\Desktop\Devops_Lab\apache-maven-3.9.8\bin;C:\Users\U424255\AppData\Local\Programs\Git\cmd;C:\Users\U424255\AppData\Local\Microsoft\WindowsApps;C:\Users\U424255\AppData\Local\Programs\Microsoft VS Code\bin;C:\Users\U424255\AppData\Roaming\npm;C:\Users\U424255\.dotnet\tools;C:\Users\U424255\AppData\Local\Programs\Git\cmd;C:\Program Files\Java\jdk-17\bin;C:\Program Files\OpenLogic\jdk-17.0.11.9-hotspot\bin;C:\xampp\mysql\bin;C:\Users\U424255\OneDrive - United Airlines\Desktop\Devops_Lab\apache-maven-3.9.8\bin;;C:\WINDOWS\System32;;."/>
    <property name="java.vm.info" value="mixed mode"/>
    <property name="stderr.encoding" value="Cp1252"/>
    <property name="java.vendor" value="Eclipse Adoptium"/>
    <property name="java.vm.version" value="22.0.1+8"/>
    <property name="sun.io.unicode.encoding" value="UnicodeLittle"/>
    <property name="java.class.version" value="66.0"/>
  </properties>
  <testcase name="testAdd" classname="ut.CalculatorTest" time="0.002"/>
  <testcase name="testDiv" classname="ut.CalculatorTest" time="0.0"/>
  <testcase name="testMul" classname="ut.CalculatorTest" time="0.0"/>
  <testcase name="testSub" classname="ut.CalculatorTest" time="0.0"/>
  <testcase name="testDiv2" classname="ut.CalculatorTest" time="0.0"/>
</testsuite>